<?xml version="1.0" encoding="UTF-8"?>
<testsuite name="com.example.service.CalculateSimpleTest" time="0.031" tests="20" errors="0" skipped="0" failures="20">
  <properties>
    <property name="java.runtime.name" value="Java(TM) SE Runtime Environment"/>
    <property name="sun.boot.library.path" value="C:\Program Files\Java\jdk1.8.0_111\jre\bin"/>
    <property name="java.vm.version" value="25.111-b14"/>
    <property name="java.vm.vendor" value="Oracle Corporation"/>
    <property name="java.vendor.url" value="http://java.oracle.com/"/>
    <property name="path.separator" value=";"/>
    <property name="guice.disable.misplaced.annotation.check" value="true"/>
    <property name="java.vm.name" value="Java HotSpot(TM) 64-Bit Server VM"/>
    <property name="file.encoding.pkg" value="sun.io"/>
    <property name="user.script" value=""/>
    <property name="user.country" value="BO"/>
    <property name="sun.java.launcher" value="SUN_STANDARD"/>
    <property name="sun.os.patch.level" value=""/>
    <property name="test" value="com.example.service.CalculateSimpleTest"/>
    <property name="java.vm.specification.name" value="Java Virtual Machine Specification"/>
    <property name="user.dir" value="C:\Users\Erwin\OneDrive\Desktop\SP_COM470\calculadora-spring - copia"/>
    <property name="java.runtime.version" value="1.8.0_111-b14"/>
    <property name="java.awt.graphicsenv" value="sun.awt.Win32GraphicsEnvironment"/>
    <property name="java.endorsed.dirs" value="C:\Program Files\Java\jdk1.8.0_111\jre\lib\endorsed"/>
    <property name="os.arch" value="amd64"/>
    <property name="java.io.tmpdir" value="C:\Users\Erwin\AppData\Local\Temp\"/>
    <property name="line.separator" value="&#10;"/>
    <property name="java.vm.specification.vendor" value="Oracle Corporation"/>
    <property name="user.variant" value=""/>
    <property name="os.name" value="Windows 10"/>
    <property name="maven.ext.class.path" value="C:\Program Files\NetBeans 8.2\java\maven-nblib\netbeans-eventspy.jar"/>
    <property name="classworlds.conf" value="C:\Program Files\NetBeans 8.2\java\maven\bin\m2.conf"/>
    <property name="sun.jnu.encoding" value="Cp1252"/>
    <property name="java.library.path" value="C:\Program Files\Java\jdk1.8.0_111\bin;C:\Windows\Sun\Java\bin;C:\Windows\system32;C:\Windows;C:\Program Files (x86)\Common Files\Oracle\Java\javapath;C:\ProgramData\Oracle\Java\javapath;C:\Windows\system32;C:\Windows;C:\Windows\System32\Wbem;C:\Windows\System32\WindowsPowerShell\v1.0\;C:\Windows\System32\OpenSSH\;C:\Program Files\Git\cmd;C:\xampp\php;C:\composer;C:\Users\Erwin\AppData\Local\Microsoft\WindowsApps;C:\Users\Erwin\AppData\Roaming\Composer\vendor\bin;C:\Users\Erwin\AppData\Local\Programs\Microsoft VS Code\bin;."/>
    <property name="java.specification.name" value="Java Platform API Specification"/>
    <property name="java.class.version" value="52.0"/>
    <property name="sun.management.compiler" value="HotSpot 64-Bit Tiered Compilers"/>
    <property name="os.version" value="10.0"/>
    <property name="user.home" value="C:\Users\Erwin"/>
    <property name="user.timezone" value="America/La_Paz"/>
    <property name="java.awt.printerjob" value="sun.awt.windows.WPrinterJob"/>
    <property name="java.specification.version" value="1.8"/>
    <property name="file.encoding" value="UTF-8"/>
    <property name="user.name" value="Erwin"/>
    <property name="java.class.path" value="C:\Program Files\NetBeans 8.2\java\maven\boot\plexus-classworlds-2.4.jar"/>
    <property name="java.vm.specification.version" value="1.8"/>
    <property name="sun.arch.data.model" value="64"/>
    <property name="java.home" value="C:\Program Files\Java\jdk1.8.0_111\jre"/>
    <property name="sun.java.command" value="org.codehaus.plexus.classworlds.launcher.Launcher -Dtest=com.example.service.CalculateSimpleTest -Dmaven.ext.class.path=C:\Program Files\NetBeans 8.2\java\maven-nblib\netbeans-eventspy.jar -Dfile.encoding=UTF-8 --debug --errors --debug --errors surefire:test"/>
    <property name="java.specification.vendor" value="Oracle Corporation"/>
    <property name="user.language" value="es"/>
    <property name="awt.toolkit" value="sun.awt.windows.WToolkit"/>
    <property name="java.vm.info" value="mixed mode"/>
    <property name="java.version" value="1.8.0_111"/>
    <property name="java.ext.dirs" value="C:\Program Files\Java\jdk1.8.0_111\jre\lib\ext;C:\Windows\Sun\Java\lib\ext"/>
    <property name="sun.boot.class.path" value="C:\Program Files\Java\jdk1.8.0_111\jre\lib\resources.jar;C:\Program Files\Java\jdk1.8.0_111\jre\lib\rt.jar;C:\Program Files\Java\jdk1.8.0_111\jre\lib\sunrsasign.jar;C:\Program Files\Java\jdk1.8.0_111\jre\lib\jsse.jar;C:\Program Files\Java\jdk1.8.0_111\jre\lib\jce.jar;C:\Program Files\Java\jdk1.8.0_111\jre\lib\charsets.jar;C:\Program Files\Java\jdk1.8.0_111\jre\lib\jfr.jar;C:\Program Files\Java\jdk1.8.0_111\jre\classes"/>
    <property name="java.vendor" value="Oracle Corporation"/>
    <property name="maven.home" value="C:\Program Files\NetBeans 8.2\java\maven"/>
    <property name="file.separator" value="\"/>
    <property name="java.vendor.url.bug" value="http://bugreport.sun.com/bugreport/"/>
    <property name="sun.cpu.endian" value="little"/>
    <property name="sun.io.unicode.encoding" value="UnicodeLittle"/>
    <property name="sun.desktop" value="windows"/>
    <property name="sun.cpu.isalist" value="amd64"/>
  </properties>
  <testcase name="borrarAvanzadoTest on borrarAvanzadoTest(com.example.service.CalculateSimpleTest)" classname="com.example.service.CalculateSimpleTest" time="0.016">
    <failure message="org/openqa/selenium/remote/SessionNotFoundException" type="java.lang.NoClassDefFoundError">java.lang.NoClassDefFoundError: org/openqa/selenium/remote/SessionNotFoundException
	at java.net.URLClassLoader.findClass(URLClassLoader.java:381)
	at java.lang.ClassLoader.loadClass(ClassLoader.java:424)
	at sun.misc.Launcher$AppClassLoader.loadClass(Launcher.java:331)
	at java.lang.ClassLoader.loadClass(ClassLoader.java:357)
	at com.example.service.CalculateSimpleTest.setUp(CalculateSimpleTest.java:33)
</failure>
    <system-out><![CDATA[Configuring TestNG with: TestNG652Configurator
]]></system-out>
  </testcase>
  <testcase name="borrarAvanzadoTest on borrarAvanzadoTest(com.example.service.CalculateSimpleTest)" classname="com.example.service.CalculateSimpleTest" time="0.016">
    <failure type="java.lang.NullPointerException:">java.lang.NullPointerException: null
	at com.example.service.CalculateSimpleTest.tearDown(CalculateSimpleTest.java:206)
</failure>
  </testcase>
  <testcase name="restarTest on restarTest(com.example.service.CalculateSimpleTest)" classname="com.example.service.CalculateSimpleTest" time="0">
    <failure message="org/openqa/selenium/remote/SessionNotFoundException" type="java.lang.NoClassDefFoundError">java.lang.NoClassDefFoundError: org/openqa/selenium/remote/SessionNotFoundException
	at java.net.URLClassLoader.findClass(URLClassLoader.java:381)
	at java.lang.ClassLoader.loadClass(ClassLoader.java:424)
	at sun.misc.Launcher$AppClassLoader.loadClass(Launcher.java:331)
	at java.lang.ClassLoader.loadClass(ClassLoader.java:357)
	at com.example.service.CalculateSimpleTest.setUp(CalculateSimpleTest.java:33)
</failure>
  </testcase>
  <testcase name="restarTest on restarTest(com.example.service.CalculateSimpleTest)" classname="com.example.service.CalculateSimpleTest" time="0">
    <failure type="java.lang.NullPointerException:">java.lang.NullPointerException: null
	at com.example.service.CalculateSimpleTest.tearDown(CalculateSimpleTest.java:206)
</failure>
  </testcase>
  <testcase name="sumaTest on sumaTest(com.example.service.CalculateSimpleTest)" classname="com.example.service.CalculateSimpleTest" time="0">
    <failure message="org/openqa/selenium/remote/SessionNotFoundException" type="java.lang.NoClassDefFoundError">java.lang.NoClassDefFoundError: org/openqa/selenium/remote/SessionNotFoundException
	at java.net.URLClassLoader.findClass(URLClassLoader.java:381)
	at java.lang.ClassLoader.loadClass(ClassLoader.java:424)
	at sun.misc.Launcher$AppClassLoader.loadClass(Launcher.java:331)
	at java.lang.ClassLoader.loadClass(ClassLoader.java:357)
	at com.example.service.CalculateSimpleTest.setUp(CalculateSimpleTest.java:33)
</failure>
  </testcase>
  <testcase name="sumaTest on sumaTest(com.example.service.CalculateSimpleTest)" classname="com.example.service.CalculateSimpleTest" time="0">
    <failure type="java.lang.NullPointerException:">java.lang.NullPointerException: null
	at com.example.service.CalculateSimpleTest.tearDown(CalculateSimpleTest.java:206)
</failure>
  </testcase>
  <testcase name="dividirTest on dividirTest(com.example.service.CalculateSimpleTest)" classname="com.example.service.CalculateSimpleTest" time="0">
    <failure message="org/openqa/selenium/remote/SessionNotFoundException" type="java.lang.NoClassDefFoundError">java.lang.NoClassDefFoundError: org/openqa/selenium/remote/SessionNotFoundException
	at java.net.URLClassLoader.findClass(URLClassLoader.java:381)
	at java.lang.ClassLoader.loadClass(ClassLoader.java:424)
	at sun.misc.Launcher$AppClassLoader.loadClass(Launcher.java:331)
	at java.lang.ClassLoader.loadClass(ClassLoader.java:357)
	at com.example.service.CalculateSimpleTest.setUp(CalculateSimpleTest.java:33)
</failure>
  </testcase>
  <testcase name="dividirTest on dividirTest(com.example.service.CalculateSimpleTest)" classname="com.example.service.CalculateSimpleTest" time="0">
    <failure type="java.lang.NullPointerException:">java.lang.NullPointerException: null
	at com.example.service.CalculateSimpleTest.tearDown(CalculateSimpleTest.java:206)
</failure>
  </testcase>
  <testcase name="fiboTest on fiboTest(com.example.service.CalculateSimpleTest)" classname="com.example.service.CalculateSimpleTest" time="0.015">
    <failure message="org/openqa/selenium/remote/SessionNotFoundException" type="java.lang.NoClassDefFoundError">java.lang.NoClassDefFoundError: org/openqa/selenium/remote/SessionNotFoundException
	at java.net.URLClassLoader.findClass(URLClassLoader.java:381)
	at java.lang.ClassLoader.loadClass(ClassLoader.java:424)
	at sun.misc.Launcher$AppClassLoader.loadClass(Launcher.java:331)
	at java.lang.ClassLoader.loadClass(ClassLoader.java:357)
	at com.example.service.CalculateSimpleTest.setUp(CalculateSimpleTest.java:33)
</failure>
  </testcase>
  <testcase name="fiboTest on fiboTest(com.example.service.CalculateSimpleTest)" classname="com.example.service.CalculateSimpleTest" time="0.015">
    <failure type="java.lang.NullPointerException:">java.lang.NullPointerException: null
	at com.example.service.CalculateSimpleTest.tearDown(CalculateSimpleTest.java:206)
</failure>
  </testcase>
  <testcase name="multiplicarTest on multiplicarTest(com.example.service.CalculateSimpleTest)" classname="com.example.service.CalculateSimpleTest" time="0">
    <failure message="org/openqa/selenium/remote/SessionNotFoundException" type="java.lang.NoClassDefFoundError">java.lang.NoClassDefFoundError: org/openqa/selenium/remote/SessionNotFoundException
	at java.net.URLClassLoader.findClass(URLClassLoader.java:381)
	at java.lang.ClassLoader.loadClass(ClassLoader.java:424)
	at sun.misc.Launcher$AppClassLoader.loadClass(Launcher.java:331)
	at java.lang.ClassLoader.loadClass(ClassLoader.java:357)
	at com.example.service.CalculateSimpleTest.setUp(CalculateSimpleTest.java:33)
</failure>
  </testcase>
  <testcase name="multiplicarTest on multiplicarTest(com.example.service.CalculateSimpleTest)" classname="com.example.service.CalculateSimpleTest" time="0">
    <failure type="java.lang.NullPointerException:">java.lang.NullPointerException: null
	at com.example.service.CalculateSimpleTest.tearDown(CalculateSimpleTest.java:206)
</failure>
  </testcase>
  <testcase name="potenciaTest on potenciaTest(com.example.service.CalculateSimpleTest)" classname="com.example.service.CalculateSimpleTest" time="0">
    <failure message="org/openqa/selenium/remote/SessionNotFoundException" type="java.lang.NoClassDefFoundError">java.lang.NoClassDefFoundError: org/openqa/selenium/remote/SessionNotFoundException
	at java.net.URLClassLoader.findClass(URLClassLoader.java:381)
	at java.lang.ClassLoader.loadClass(ClassLoader.java:424)
	at sun.misc.Launcher$AppClassLoader.loadClass(Launcher.java:331)
	at java.lang.ClassLoader.loadClass(ClassLoader.java:357)
	at com.example.service.CalculateSimpleTest.setUp(CalculateSimpleTest.java:33)
</failure>
  </testcase>
  <testcase name="potenciaTest on potenciaTest(com.example.service.CalculateSimpleTest)" classname="com.example.service.CalculateSimpleTest" time="0">
    <failure type="java.lang.NullPointerException:">java.lang.NullPointerException: null
	at com.example.service.CalculateSimpleTest.tearDown(CalculateSimpleTest.java:206)
</failure>
  </testcase>
  <testcase name="raizTest on raizTest(com.example.service.CalculateSimpleTest)" classname="com.example.service.CalculateSimpleTest" time="0">
    <failure message="org/openqa/selenium/remote/SessionNotFoundException" type="java.lang.NoClassDefFoundError">java.lang.NoClassDefFoundError: org/openqa/selenium/remote/SessionNotFoundException
	at java.net.URLClassLoader.findClass(URLClassLoader.java:381)
	at java.lang.ClassLoader.loadClass(ClassLoader.java:424)
	at sun.misc.Launcher$AppClassLoader.loadClass(Launcher.java:331)
	at java.lang.ClassLoader.loadClass(ClassLoader.java:357)
	at com.example.service.CalculateSimpleTest.setUp(CalculateSimpleTest.java:33)
</failure>
  </testcase>
  <testcase name="raizTest on raizTest(com.example.service.CalculateSimpleTest)" classname="com.example.service.CalculateSimpleTest" time="0">
    <failure type="java.lang.NullPointerException:">java.lang.NullPointerException: null
	at com.example.service.CalculateSimpleTest.tearDown(CalculateSimpleTest.java:206)
</failure>
  </testcase>
  <testcase name="factorialTest on factorialTest(com.example.service.CalculateSimpleTest)" classname="com.example.service.CalculateSimpleTest" time="0">
    <failure message="org/openqa/selenium/remote/SessionNotFoundException" type="java.lang.NoClassDefFoundError">java.lang.NoClassDefFoundError: org/openqa/selenium/remote/SessionNotFoundException
	at java.net.URLClassLoader.findClass(URLClassLoader.java:381)
	at java.lang.ClassLoader.loadClass(ClassLoader.java:424)
	at sun.misc.Launcher$AppClassLoader.loadClass(Launcher.java:331)
	at java.lang.ClassLoader.loadClass(ClassLoader.java:357)
	at com.example.service.CalculateSimpleTest.setUp(CalculateSimpleTest.java:33)
</failure>
  </testcase>
  <testcase name="factorialTest on factorialTest(com.example.service.CalculateSimpleTest)" classname="com.example.service.CalculateSimpleTest" time="0">
    <failure type="java.lang.NullPointerException:">java.lang.NullPointerException: null
	at com.example.service.CalculateSimpleTest.tearDown(CalculateSimpleTest.java:206)
</failure>
  </testcase>
  <testcase name="borrarTest on borrarTest(com.example.service.CalculateSimpleTest)" classname="com.example.service.CalculateSimpleTest" time="0">
    <failure message="org/openqa/selenium/remote/SessionNotFoundException" type="java.lang.NoClassDefFoundError">java.lang.NoClassDefFoundError: org/openqa/selenium/remote/SessionNotFoundException
	at java.net.URLClassLoader.findClass(URLClassLoader.java:381)
	at java.lang.ClassLoader.loadClass(ClassLoader.java:424)
	at sun.misc.Launcher$AppClassLoader.loadClass(Launcher.java:331)
	at java.lang.ClassLoader.loadClass(ClassLoader.java:357)
	at com.example.service.CalculateSimpleTest.setUp(CalculateSimpleTest.java:33)
</failure>
  </testcase>
  <testcase name="borrarTest on borrarTest(com.example.service.CalculateSimpleTest)" classname="com.example.service.CalculateSimpleTest" time="0">
    <failure type="java.lang.NullPointerException:">java.lang.NullPointerException: null
	at com.example.service.CalculateSimpleTest.tearDown(CalculateSimpleTest.java:206)
</failure>
  </testcase>
</testsuite>